<?xml version="1.0" encoding="UTF-8"?>
<!-- Generated by org.testng.reporters.JUnitReportReporter -->
<testsuite hostname="DESKTOP-VPABKUS" failures="0" tests="1" name="simple.RTTC_004" time="52.530" errors="0" timestamp="2019-11-18T04:24:26 IST" skipped="0">
  <testcase classname="simple.RTTC_004" name="register" time="52.530"/>
</testsuite> <!-- simple.RTTC_004 -->
