<?xml version="1.0" encoding="UTF-8"?>
<!-- Generated by org.testng.reporters.JUnitReportReporter -->
<testsuite hostname="DESKTOP-VPABKUS" failures="0" tests="1" name="simple.TC001" time="16.863" errors="0" timestamp="2019-11-18T01:56:00 IST" skipped="0">
  <testcase classname="simple.TC001" name="login" time="16.863"/>
</testsuite> <!-- simple.TC001 -->
