<?xml version="1.0" encoding="UTF-8"?>
<!-- Generated by org.testng.reporters.JUnitReportReporter -->
<testsuite hostname="DESKTOP-VPABKUS" failures="0" tests="1" name="simple.RTTC_006" time="32.661" errors="0" timestamp="2019-11-18T14:41:48 IST" skipped="0">
  <testcase classname="simple.RTTC_006" name="register" time="32.661"/>
</testsuite> <!-- simple.RTTC_006 -->
