<?xml version="1.0" encoding="UTF-8"?>
<!-- Generated by org.testng.reporters.JUnitReportReporter -->
<testsuite hostname="DESKTOP-VPABKUS" failures="0" tests="1" name="medium.RTTC_036" time="62.313" errors="0" timestamp="2019-11-18T18:07:12 IST" skipped="0">
  <testcase classname="medium.RTTC_036" name="register" time="62.313"/>
</testsuite> <!-- medium.RTTC_036 -->
