<?xml version="1.0" encoding="UTF-8"?>
<!-- Generated by org.testng.reporters.JUnitReportReporter -->
<testsuite hostname="DESKTOP-VPABKUS" failures="0" tests="1" name="simple.RTTC_004" time="46.542" errors="0" timestamp="2019-11-18T12:21:07 IST" skipped="0">
  <testcase classname="simple.RTTC_004" name="register" time="46.542"/>
</testsuite> <!-- simple.RTTC_004 -->
