<?xml version="1.0" encoding="UTF-8"?>
<!-- Generated by org.testng.reporters.JUnitReportReporter -->
<testsuite hostname="DESKTOP-VPABKUS" failures="0" tests="1" name="simple.RTTC_005" time="46.421" errors="0" timestamp="2019-11-18T04:47:53 IST" skipped="0">
  <testcase classname="simple.RTTC_005" name="register" time="46.421"/>
</testsuite> <!-- simple.RTTC_005 -->
